\BOOKMARK [1][-]{section.1}{\376\377\000I\000n\000t\000r\000o\000d\000u\000c\000t\000i\000o\000n}{}% 1
\BOOKMARK [1][-]{section.2}{\376\377\000E\000n\000t\000a\000n\000g\000l\000e\000m\000e\000n\000t\000\040\000r\000e\000n\000o\000r\000m\000a\000l\000i\000z\000a\000t\000i\000o\000n\000\040\000w\000i\000t\000h\000\040\000D\000M\000R\000j\000u\000l\000i\000a}{}% 2
\BOOKMARK [1][-]{section.3}{\376\377\000T\000e\000n\000s\000o\000r\000\040\000a\000l\000g\000e\000b\000r\000a\000\040\000w\000i\000t\000h\000\040\000T\000E\000N\000P\000A\000C\000K}{}% 3
\BOOKMARK [1][-]{section.4}{\376\377\000Q\000u\000a\000n\000t\000u\000m\000\040\000s\000y\000m\000m\000e\000t\000r\000i\000e\000s}{}% 4
\BOOKMARK [1][-]{section.5}{\376\377\000G\000r\000a\000p\000h\000i\000c\000a\000l\000\040\000i\000n\000t\000e\000r\000f\000a\000c\000e\000\040\000w\000i\000t\000h\000\040\000D\000M\000R\000G\000e\000n\000i\000e}{}% 5
\BOOKMARK [2][-]{subsection.5.1}{\376\377\000D\000M\000R\000G\000e\000n\000i\000e\000\040\000B\000a\000c\000k\000e\000n\000d}{section.5}% 6
\BOOKMARK [2][-]{subsection.5.2}{\376\377\000D\000M\000R\000G\000e\000n\000i\000e\000\040\000F\000r\000o\000n\000t\000e\000n\000d}{section.5}% 7
\BOOKMARK [2][-]{subsection.5.3}{\376\377\000A\000l\000g\000o\000r\000i\000t\000h\000m\000\040\000R\000u\000n\000n\000e\000r}{section.5}% 8
\BOOKMARK [2][-]{subsection.5.4}{\376\377\000T\000e\000n\000s\000o\000r\000\040\000N\000e\000t\000w\000o\000r\000k\000\040\000B\000u\000i\000l\000d\000e\000r}{section.5}% 9
\BOOKMARK [1][-]{section.6}{\376\377\000I\000n\000s\000t\000a\000l\000l\000a\000t\000i\000o\000n\000\040\000a\000n\000d\000\040\000u\000s\000a\000g\000e}{}% 10
\BOOKMARK [2][-]{subsection.6.1}{\376\377\000S\000e\000t\000t\000i\000n\000g\000\040\000U\000p\000\040\000a\000n\000d\000\040\000R\000u\000n\000n\000i\000n\000g\000\040\000D\000M\000R\000G\000e\000n\000i\000e}{section.6}% 11
\BOOKMARK [1][-]{section.7}{\376\377\000D\000e\000p\000l\000o\000y\000m\000e\000n\000t}{}% 12
\BOOKMARK [1][-]{section.8}{\376\377\000C\000o\000n\000c\000l\000u\000s\000i\000o\000n}{}% 13
\BOOKMARK [1][-]{section.9}{\376\377\000A\000c\000k\000n\000o\000w\000l\000e\000d\000g\000e\000m\000e\000n\000t}{}% 14
\BOOKMARK [1][-]{section.10}{\376\377\000R\000e\000f\000e\000r\000e\000n\000c\000e\000s}{}% 15
\BOOKMARK [1][-]{appendix.A}{\376\377\000T\000e\000n\000s\000o\000r\000\040\000N\000e\000t\000w\000o\000r\000k\000\040\000B\000u\000i\000l\000d\000e\000r\000\040\000g\000u\000i\000d\000e}{}% 16
\BOOKMARK [2][-]{subsection.A.1}{\376\377\000N\000e\000t\000w\000o\000r\000k\000\040\000C\000a\000n\000v\000a\000s}{appendix.A}% 17
\BOOKMARK [2][-]{subsection.A.2}{\376\377\000D\000r\000a\000g\000\040\000a\000n\000d\000\040\000D\000r\000o\000p\000\040\000M\000e\000n\000u}{appendix.A}% 18
\BOOKMARK [2][-]{subsection.A.3}{\376\377\000T\000e\000n\000s\000o\000r\000s}{appendix.A}% 19
\BOOKMARK [2][-]{subsection.A.4}{\376\377\000I\000n\000d\000i\000c\000e\000s}{appendix.A}% 20
\BOOKMARK [2][-]{subsection.A.5}{\376\377\000C\000o\000n\000t\000r\000a\000c\000t}{appendix.A}% 21
\BOOKMARK [2][-]{subsection.A.6}{\376\377\000S\000V\000D\000\040\000D\000e\000c\000o\000m\000p\000o\000s\000i\000t\000i\000o\000n}{appendix.A}% 22
\BOOKMARK [2][-]{subsection.A.7}{\376\377\000Q\000R\000/\000L\000Q\000\040\000D\000e\000c\000o\000m\000p\000o\000s\000i\000t\000i\000o\000n\000s}{appendix.A}% 23
\BOOKMARK [2][-]{subsection.A.8}{\376\377\000E\000i\000g\000e\000n\000v\000a\000l\000u\000e\000\040\000D\000e\000c\000o\000m\000p\000o\000s\000i\000t\000i\000o\000n}{appendix.A}% 24
\BOOKMARK [2][-]{subsection.A.9}{\376\377\000S\000p\000l\000i\000t\000\040\000E\000d\000g\000e}{appendix.A}% 25
\BOOKMARK [2][-]{subsection.A.10}{\376\377\000C\000o\000n\000n\000e\000c\000t\000\040\000E\000d\000g\000e}{appendix.A}% 26
\BOOKMARK [2][-]{subsection.A.11}{\376\377\000C\000o\000p\000y\000\040\000a\000n\000d\000\040\000P\000a\000s\000t\000e}{appendix.A}% 27
\BOOKMARK [2][-]{subsection.A.12}{\376\377\000U\000n\000d\000o\000\040\000a\000n\000d\000\040\000R\000e\000d\000o}{appendix.A}% 28
\BOOKMARK [2][-]{subsection.A.13}{\376\377\000A\000d\000d\000i\000n\000g\000\040\000N\000e\000w\000\040\000O\000p\000e\000r\000a\000t\000i\000o\000n\000s}{appendix.A}% 29
\BOOKMARK [2][-]{subsection.A.14}{\376\377\000C\000o\000n\000n\000e\000c\000t\000i\000n\000g\000\040\000t\000o\000\040\000B\000a\000c\000k\000e\000n\000d}{appendix.A}% 30
\BOOKMARK [2][-]{subsection.A.15}{\376\377\000C\000h\000o\000s\000e\000n\000\040\000C\000o\000n\000v\000e\000n\000t\000i\000o\000n\000s}{appendix.A}% 31
\BOOKMARK [2][-]{subsection.A.16}{\376\377\000A\000d\000d\000i\000t\000i\000o\000n\000a\000l\000\040\000I\000n\000f\000o}{appendix.A}% 32
